Flow report for SAD
Mon Jun 24 22:48:47 2024
Quartus Prime Version 18.1.0 Build 625 09/12/2018 SJ Lite Edition


---------------------
; Table of Contents ;
---------------------
  1. Legal Notice
  2. Flow Summary
  3. Flow Settings
  4. Flow Non-Default Global Settings
  5. Flow Elapsed Time
  6. Flow OS Summary
  7. Flow Log
  8. Flow Messages
  9. Flow Suppressed Messages



----------------
; Legal Notice ;
----------------
Copyright (C) 2018  Intel Corporation. All rights reserved.
Your use of Intel Corporation's design tools, logic functions 
and other software and tools, and its AMPP partner logic 
functions, and any output files from any of the foregoing 
(including device programming or simulation files), and any 
associated documentation or information are expressly subject 
to the terms and conditions of the Intel Program License 
Subscription Agreement, the Intel Quartus Prime License Agreement,
the Intel FPGA IP License Agreement, or other applicable license
agreement, including, without limitation, that your use is for
the sole purpose of programming logic devices manufactured by
Intel and sold by Intel or its authorized distributors.  Please
refer to the applicable agreement for further details.



+----------------------------------------------------------------------------------+
; Flow Summary                                                                     ;
+------------------------------------+---------------------------------------------+
; Flow Status                        ; Successful - Mon Jun 24 22:48:47 2024       ;
; Quartus Prime Version              ; 18.1.0 Build 625 09/12/2018 SJ Lite Edition ;
; Revision Name                      ; SAD                                         ;
; Top-level Entity Name              ; SAD                                         ;
; Family                             ; Cyclone IV E                                ;
; Total logic elements               ; 63 / 6,272 ( 1 % )                          ;
;     Total combinational functions  ; 60 / 6,272 ( < 1 % )                        ;
;     Dedicated logic registers      ; 22 / 6,272 ( < 1 % )                        ;
; Total registers                    ; 22                                          ;
; Total pins                         ; 26 / 92 ( 28 % )                            ;
; Total virtual pins                 ; 0                                           ;
; Total memory bits                  ; 330 / 276,480 ( < 1 % )                     ;
; Embedded Multiplier 9-bit elements ; 0 / 30 ( 0 % )                              ;
; Total PLLs                         ; 0 / 2 ( 0 % )                               ;
; Device                             ; EP4CE6E22C6                                 ;
; Timing Models                      ; Final                                       ;
+------------------------------------+---------------------------------------------+


+-----------------------------------------+
; Flow Settings                           ;
+-------------------+---------------------+
; Option            ; Setting             ;
+-------------------+---------------------+
; Start date & time ; 06/24/2024 22:48:15 ;
; Main task         ; Compilation         ;
; Revision Name     ; SAD                 ;
+-------------------+---------------------+


+------------------------------------------------------------------------------------------------------------------------------+
; Flow Non-Default Global Settings                                                                                             ;
+--------------------------------------+----------------------------------------+---------------+-------------+----------------+
; Assignment Name                      ; Value                                  ; Default Value ; Entity Name ; Section Id     ;
+--------------------------------------+----------------------------------------+---------------+-------------+----------------+
; COMPILER_SIGNATURE_ID                ; 93328255337094.171924409519352         ; --            ; --          ; --             ;
; EDA_DESIGN_INSTANCE_NAME             ; NA                                     ; --            ; --          ; SAD_tb         ;
; EDA_NATIVELINK_SIMULATION_TEST_BENCH ; SAD_tb                                 ; --            ; --          ; eda_simulation ;
; EDA_OUTPUT_DATA_FORMAT               ; Vhdl                                   ; --            ; --          ; eda_simulation ;
; EDA_SIMULATION_TOOL                  ; ModelSim-Altera (VHDL)                 ; <None>        ; --          ; --             ;
; EDA_TEST_BENCH_ENABLE_STATUS         ; TEST_BENCH_MODE                        ; --            ; --          ; eda_simulation ;
; EDA_TEST_BENCH_FILE                  ; SAD_tb.vhd                             ; --            ; --          ; SAD_tb         ;
; EDA_TEST_BENCH_MODULE_NAME           ; SAD_tb                                 ; --            ; --          ; SAD_tb         ;
; EDA_TEST_BENCH_NAME                  ; SAD_tb                                 ; --            ; --          ; eda_simulation ;
; EDA_TIME_SCALE                       ; 1 ps                                   ; --            ; --          ; eda_simulation ;
; PARTITION_COLOR                      ; -- (Not supported for targeted family) ; --            ; --          ; Top            ;
; PARTITION_FITTER_PRESERVATION_LEVEL  ; -- (Not supported for targeted family) ; --            ; --          ; Top            ;
; PARTITION_NETLIST_TYPE               ; -- (Not supported for targeted family) ; --            ; --          ; Top            ;
; PROJECT_OUTPUT_DIRECTORY             ; output_files                           ; --            ; --          ; --             ;
+--------------------------------------+----------------------------------------+---------------+-------------+----------------+


+--------------------------------------------------------------------------------------------------------------------------+
; Flow Elapsed Time                                                                                                        ;
+----------------------+--------------+-------------------------+---------------------+------------------------------------+
; Module Name          ; Elapsed Time ; Average Processors Used ; Peak Virtual Memory ; Total CPU Time (on all processors) ;
+----------------------+--------------+-------------------------+---------------------+------------------------------------+
; Analysis & Synthesis ; 00:00:15     ; 1.0                     ; 4806 MB             ; 00:00:33                           ;
; Fitter               ; 00:00:06     ; 1.0                     ; 5480 MB             ; 00:00:08                           ;
; Assembler            ; 00:00:01     ; 1.0                     ; 4666 MB             ; 00:00:01                           ;
; Timing Analyzer      ; 00:00:03     ; 1.0                     ; 4761 MB             ; 00:00:03                           ;
; EDA Netlist Writer   ; 00:00:01     ; 1.0                     ; 4636 MB             ; 00:00:02                           ;
; Total                ; 00:00:26     ; --                      ; --                  ; 00:00:47                           ;
+----------------------+--------------+-------------------------+---------------------+------------------------------------+


+------------------------------------------------------------------------------------+
; Flow OS Summary                                                                    ;
+----------------------+------------------+------------+------------+----------------+
; Module Name          ; Machine Hostname ; OS Name    ; OS Version ; Processor type ;
+----------------------+------------------+------------+------------+----------------+
; Analysis & Synthesis ; HUYNHCODEDAO     ; Windows 10 ; 10.0       ; x86_64         ;
; Fitter               ; HUYNHCODEDAO     ; Windows 10 ; 10.0       ; x86_64         ;
; Assembler            ; HUYNHCODEDAO     ; Windows 10 ; 10.0       ; x86_64         ;
; Timing Analyzer      ; HUYNHCODEDAO     ; Windows 10 ; 10.0       ; x86_64         ;
; EDA Netlist Writer   ; HUYNHCODEDAO     ; Windows 10 ; 10.0       ; x86_64         ;
+----------------------+------------------+------------+------------+----------------+


------------
; Flow Log ;
------------
quartus_map --read_settings_files=on --write_settings_files=off SAD -c SAD
quartus_fit --read_settings_files=off --write_settings_files=off SAD -c SAD
quartus_asm --read_settings_files=off --write_settings_files=off SAD -c SAD
quartus_sta SAD -c SAD
quartus_eda --read_settings_files=off --write_settings_files=off SAD -c SAD



